<?xml version="1.0" encoding="UTF-8"?>
<testsuite name="dslab.transfer.TransferServerTest" tests="1" skipped="0" failures="0" errors="0" timestamp="2022-11-16T20:33:17" hostname="DESKTOP-TGQ1M7K" time="3.019">
  <properties/>
  <testcase name="runAndShutdownTransferServer_createsAndStopsTcpSocketCorrectly" classname="dslab.transfer.TransferServerTest" time="3.019"/>
  <system-out><![CDATA[]]></system-out>
  <system-err><![CDATA[Nov. 16, 2022 9:33:17 NACHM. dslab.monitoring.MonitoringServerTest runAndShutdownTransferServer_createsAndStopsTcpSocketCorrectly
INFORMATION: Starting thread with component dslab.transfer.TransferServer@451df9b1
Nov. 16, 2022 9:33:17 NACHM. dslab.monitoring.MonitoringServerTest runAndShutdownTransferServer_createsAndStopsTcpSocketCorrectly
INFORMATION: Waiting for socket to open on port 10820
Nov. 16, 2022 9:33:17 NACHM. dslab.monitoring.MonitoringServerTest runAndShutdownTransferServer_createsAndStopsTcpSocketCorrectly
INFORMATION: Shutting down component dslab.transfer.TransferServer@451df9b1
Nov. 16, 2022 9:33:20 NACHM. dslab.monitoring.MonitoringServerTest runAndShutdownTransferServer_createsAndStopsTcpSocketCorrectly
INFORMATION: Waiting for thread to stop for component dslab.transfer.TransferServer@451df9b1
]]></system-err>
</testsuite>
