<?xml version="1.0" encoding="UTF-8"?>
<testsuite name="dslab.mailbox.MailboxServerTest" tests="1" skipped="0" failures="0" errors="0" timestamp="2022-11-16T20:32:40" hostname="DESKTOP-TGQ1M7K" time="3.021">
  <properties/>
  <testcase name="runAndShutdownTransferServer_createsAndStopsTcpSocketCorrectly" classname="dslab.mailbox.MailboxServerTest" time="3.021"/>
  <system-out><![CDATA[]]></system-out>
  <system-err><![CDATA[Nov. 16, 2022 9:32:40 NACHM. dslab.monitoring.MonitoringServerTest runAndShutdownTransferServer_createsAndStopsTcpSocketCorrectly
INFORMATION: Starting thread with component dslab.mailbox.MailboxServer@725db2b7
Nov. 16, 2022 9:32:40 NACHM. dslab.monitoring.MonitoringServerTest runAndShutdownTransferServer_createsAndStopsTcpSocketCorrectly
INFORMATION: Waiting for DMTP socket to open on port 10822
Nov. 16, 2022 9:32:40 NACHM. dslab.monitoring.MonitoringServerTest runAndShutdownTransferServer_createsAndStopsTcpSocketCorrectly
INFORMATION: Waiting for DMAP socket to open on port 10823
Nov. 16, 2022 9:32:40 NACHM. dslab.monitoring.MonitoringServerTest runAndShutdownTransferServer_createsAndStopsTcpSocketCorrectly
INFORMATION: Shutting down component dslab.mailbox.MailboxServer@725db2b7
Nov. 16, 2022 9:32:43 NACHM. dslab.monitoring.MonitoringServerTest runAndShutdownTransferServer_createsAndStopsTcpSocketCorrectly
INFORMATION: Waiting for thread to stop for component dslab.mailbox.MailboxServer@725db2b7
]]></system-err>
</testsuite>
