<?xml version="1.0" encoding="UTF-8"?>
<testsuite name="dslab.monitoring.MonitoringServerProtocolTest" tests="2" skipped="0" failures="0" errors="0" timestamp="2022-11-16T20:32:43" hostname="DESKTOP-TGQ1M7K" time="22.041">
  <properties/>
  <testcase name="servers_returnsCorrectStatistics" classname="dslab.monitoring.MonitoringServerProtocolTest" time="11.033"/>
  <testcase name="addresses_returnsCorrectStatistics" classname="dslab.monitoring.MonitoringServerProtocolTest" time="11.008"/>
  <system-out><![CDATA[]]></system-out>
  <system-err><![CDATA[Nov. 16, 2022 9:32:46 NACHM. dslab.monitoring.MonitoringServerProtocolTest servers_returnsCorrectStatistics
INFORMATION: Sending three monitoring packets to monitoring socket
Nov. 16, 2022 9:32:57 NACHM. dslab.monitoring.MonitoringServerProtocolTest addresses_returnsCorrectStatistics
INFORMATION: Sending three monitoring packets to monitoring socket
]]></system-err>
</testsuite>
